Determining if the pthread_create exist failed with the following output:
Change Dir: /home/sysop/Snake3D/opengl/glfw/CMakeFiles/CMakeTmp

Run Build Command:"/usr/bin/make" "cmTC_6d06c/fast"
/usr/bin/make -f CMakeFiles/cmTC_6d06c.dir/build.make CMakeFiles/cmTC_6d06c.dir/build
make[1]: Wejście do katalogu '/home/sysop/Snake3D/opengl/glfw/CMakeFiles/CMakeTmp'
Building C object CMakeFiles/cmTC_6d06c.dir/CheckSymbolExists.c.o
/usr/bin/cc     -o CMakeFiles/cmTC_6d06c.dir/CheckSymbolExists.c.o   -c /home/sysop/Snake3D/opengl/glfw/CMakeFiles/CMakeTmp/CheckSymbolExists.c
Linking C executable cmTC_6d06c
/usr/bin/cmake -E cmake_link_script CMakeFiles/cmTC_6d06c.dir/link.txt --verbose=1
/usr/bin/cc       CMakeFiles/cmTC_6d06c.dir/CheckSymbolExists.c.o  -o cmTC_6d06c -rdynamic 
CMakeFiles/cmTC_6d06c.dir/CheckSymbolExists.c.o: In function `main':
CheckSymbolExists.c:(.text+0x16): undefined reference to `pthread_create'
collect2: error: ld returned 1 exit status
CMakeFiles/cmTC_6d06c.dir/build.make:97: polecenia dla obiektu 'cmTC_6d06c' nie powiodły się
make[1]: *** [cmTC_6d06c] Błąd 1
make[1]: Opuszczenie katalogu '/home/sysop/Snake3D/opengl/glfw/CMakeFiles/CMakeTmp'
Makefile:126: polecenia dla obiektu 'cmTC_6d06c/fast' nie powiodły się
make: *** [cmTC_6d06c/fast] Błąd 2

File /home/sysop/Snake3D/opengl/glfw/CMakeFiles/CMakeTmp/CheckSymbolExists.c:
/* */
#include <pthread.h>

int main(int argc, char** argv)
{
  (void)argv;
#ifndef pthread_create
  return ((int*)(&pthread_create))[argc];
#else
  (void)argc;
  return 0;
#endif
}

Determining if the function pthread_create exists in the pthreads failed with the following output:
Change Dir: /home/sysop/Snake3D/opengl/glfw/CMakeFiles/CMakeTmp

Run Build Command:"/usr/bin/make" "cmTC_9679b/fast"
/usr/bin/make -f CMakeFiles/cmTC_9679b.dir/build.make CMakeFiles/cmTC_9679b.dir/build
make[1]: Wejście do katalogu '/home/sysop/Snake3D/opengl/glfw/CMakeFiles/CMakeTmp'
Building C object CMakeFiles/cmTC_9679b.dir/CheckFunctionExists.c.o
/usr/bin/cc    -DCHECK_FUNCTION_EXISTS=pthread_create   -o CMakeFiles/cmTC_9679b.dir/CheckFunctionExists.c.o   -c /usr/share/cmake-3.7/Modules/CheckFunctionExists.c
Linking C executable cmTC_9679b
/usr/bin/cmake -E cmake_link_script CMakeFiles/cmTC_9679b.dir/link.txt --verbose=1
/usr/bin/cc   -DCHECK_FUNCTION_EXISTS=pthread_create    CMakeFiles/cmTC_9679b.dir/CheckFunctionExists.c.o  -o cmTC_9679b -rdynamic -lpthreads 
/usr/bin/ld: cannot find -lpthreads
collect2: error: ld returned 1 exit status
CMakeFiles/cmTC_9679b.dir/build.make:97: polecenia dla obiektu 'cmTC_9679b' nie powiodły się
make[1]: *** [cmTC_9679b] Błąd 1
make[1]: Opuszczenie katalogu '/home/sysop/Snake3D/opengl/glfw/CMakeFiles/CMakeTmp'
Makefile:126: polecenia dla obiektu 'cmTC_9679b/fast' nie powiodły się
make: *** [cmTC_9679b/fast] Błąd 2


